<?xml version="1.0" encoding="UTF-8"?>
<!-- Generated by org.testng.reporters.JUnitReportReporter -->
<testsuite hostname="sword-wangdeMacBook-Air.local" name="CommerTest.MainTest" tests="1" failures="0" timestamp="23 May 2016 09:25:09 GMT" time="0.653" errors="0">
  <testcase name="keywordDriverTestLogin" time="0.653" classname="CommerTest.MainTest"/>
</testsuite> <!-- CommerTest.MainTest -->
