<?xml version="1.0" encoding="UTF-8"?>
<!-- Generated by org.testng.reporters.JUnitReportReporter -->
<testsuite hostname="sword-wangdeMacBook-Air.local" name="com.sword.test.MainTest" tests="1" failures="0" timestamp="16 Jun 2016 04:27:19 GMT" time="29.904" errors="0">
  <testcase name="keywordDriverTestLogin" time="29.904" classname="com.sword.test.MainTest"/>
</testsuite> <!-- com.sword.test.MainTest -->
